Job started at 2023-12-27 14:51:25
/n02dat01/users/wtjiang/Workspace/MBV-Pipe/data/sub-002

                            < M A T L A B (R) >
                  Copyright 1984-2022 The MathWorks, Inc.
                  R2022b (9.13.0.2049777) 64-bit (glnxa64)
                              August 24, 2022

 
To get started, type doc.
For product information, visit www.mathworks.com.
 
Initialising batch system... done.


------------------------------------------------------------------------
27-Dec-2023 14:51:42 - Running job #1
------------------------------------------------------------------------
27-Dec-2023 14:51:42 - Running 'Smooth'
27-Dec-2023 14:51:45 - Done    'Smooth'
27-Dec-2023 14:51:45 - Done


                            < M A T L A B (R) >
                  Copyright 1984-2022 The MathWorks, Inc.
                  R2022b (9.13.0.2049777) 64-bit (glnxa64)
                              August 24, 2022

 
To get started, type doc.
For product information, visit www.mathworks.com.
 
T2_fixed_reg2tpm
T2_invivo_reg2tpm
T2_perfused_reg2tpm

                            < M A T L A B (R) >
                  Copyright 1984-2022 The MathWorks, Inc.
                  R2022b (9.13.0.2049777) 64-bit (glnxa64)
                              August 24, 2022

 
To get started, type doc.
For product information, visit www.mathworks.com.
 
/n02dat01/users/wtjiang/Workspace/MBV-Pipe/data/sub-003

                            < M A T L A B (R) >
                  Copyright 1984-2022 The MathWorks, Inc.
                  R2022b (9.13.0.2049777) 64-bit (glnxa64)
                              August 24, 2022

 
To get started, type doc.
For product information, visit www.mathworks.com.
 
Initialising batch system... done.


------------------------------------------------------------------------
27-Dec-2023 14:57:02 - Running job #1
------------------------------------------------------------------------
27-Dec-2023 14:57:02 - Running 'Smooth'
27-Dec-2023 14:57:04 - Done    'Smooth'
27-Dec-2023 14:57:04 - Done


                            < M A T L A B (R) >
                  Copyright 1984-2022 The MathWorks, Inc.
                  R2022b (9.13.0.2049777) 64-bit (glnxa64)
                              August 24, 2022

 
To get started, type doc.
For product information, visit www.mathworks.com.
 
T2_fixed_reg2tpm
T2_invivo_reg2tpm
T2_perfused_reg2tpm

                            < M A T L A B (R) >
                  Copyright 1984-2022 The MathWorks, Inc.
                  R2022b (9.13.0.2049777) 64-bit (glnxa64)
                              August 24, 2022

 
To get started, type doc.
For product information, visit www.mathworks.com.
 
/n02dat01/users/wtjiang/Workspace/MBV-Pipe/data/sub-004

                            < M A T L A B (R) >
                  Copyright 1984-2022 The MathWorks, Inc.
                  R2022b (9.13.0.2049777) 64-bit (glnxa64)
                              August 24, 2022

 
To get started, type doc.
For product information, visit www.mathworks.com.
 
Initialising batch system... done.


------------------------------------------------------------------------
27-Dec-2023 15:02:23 - Running job #1
------------------------------------------------------------------------
27-Dec-2023 15:02:23 - Running 'Smooth'
27-Dec-2023 15:02:25 - Done    'Smooth'
27-Dec-2023 15:02:25 - Done


                            < M A T L A B (R) >
                  Copyright 1984-2022 The MathWorks, Inc.
                  R2022b (9.13.0.2049777) 64-bit (glnxa64)
                              August 24, 2022

 
To get started, type doc.
For product information, visit www.mathworks.com.
 
T2_fixed_reg2tpm
T2_invivo_reg2tpm
T2_perfused_reg2tpm

                            < M A T L A B (R) >
                  Copyright 1984-2022 The MathWorks, Inc.
                  R2022b (9.13.0.2049777) 64-bit (glnxa64)
                              August 24, 2022

 
To get started, type doc.
For product information, visit www.mathworks.com.
 
/n02dat01/users/wtjiang/Workspace/MBV-Pipe/data/sub-005

                            < M A T L A B (R) >
                  Copyright 1984-2022 The MathWorks, Inc.
                  R2022b (9.13.0.2049777) 64-bit (glnxa64)
                              August 24, 2022

 
To get started, type doc.
For product information, visit www.mathworks.com.
 
Initialising batch system... done.


------------------------------------------------------------------------
27-Dec-2023 15:07:45 - Running job #1
------------------------------------------------------------------------
27-Dec-2023 15:07:45 - Running 'Smooth'
27-Dec-2023 15:07:48 - Done    'Smooth'
27-Dec-2023 15:07:48 - Done


                            < M A T L A B (R) >
                  Copyright 1984-2022 The MathWorks, Inc.
                  R2022b (9.13.0.2049777) 64-bit (glnxa64)
                              August 24, 2022

 
To get started, type doc.
For product information, visit www.mathworks.com.
 
T2_fixed_reg2tpm
T2_invivo_reg2tpm
T2_perfused_reg2tpm

                            < M A T L A B (R) >
                  Copyright 1984-2022 The MathWorks, Inc.
                  R2022b (9.13.0.2049777) 64-bit (glnxa64)
                              August 24, 2022

 
To get started, type doc.
For product information, visit www.mathworks.com.
 
/n02dat01/users/wtjiang/Workspace/MBV-Pipe/data/sub-006

                            < M A T L A B (R) >
                  Copyright 1984-2022 The MathWorks, Inc.
                  R2022b (9.13.0.2049777) 64-bit (glnxa64)
                              August 24, 2022

 
To get started, type doc.
For product information, visit www.mathworks.com.
 
Initialising batch system... done.


------------------------------------------------------------------------
27-Dec-2023 15:13:06 - Running job #1
------------------------------------------------------------------------
27-Dec-2023 15:13:06 - Running 'Smooth'
27-Dec-2023 15:13:08 - Done    'Smooth'
27-Dec-2023 15:13:08 - Done


                            < M A T L A B (R) >
                  Copyright 1984-2022 The MathWorks, Inc.
                  R2022b (9.13.0.2049777) 64-bit (glnxa64)
                              August 24, 2022

 
To get started, type doc.
For product information, visit www.mathworks.com.
 
T2_fixed_reg2tpm
T2_invivo_reg2tpm
T2_perfused_reg2tpm

                            < M A T L A B (R) >
                  Copyright 1984-2022 The MathWorks, Inc.
                  R2022b (9.13.0.2049777) 64-bit (glnxa64)
                              August 24, 2022

 
To get started, type doc.
For product information, visit www.mathworks.com.
 
/n02dat01/users/wtjiang/Workspace/MBV-Pipe/data/sub-007

                            < M A T L A B (R) >
                  Copyright 1984-2022 The MathWorks, Inc.
                  R2022b (9.13.0.2049777) 64-bit (glnxa64)
                              August 24, 2022

 
To get started, type doc.
For product information, visit www.mathworks.com.
 
Initialising batch system... done.


------------------------------------------------------------------------
27-Dec-2023 15:18:26 - Running job #1
------------------------------------------------------------------------
27-Dec-2023 15:18:26 - Running 'Smooth'
27-Dec-2023 15:18:29 - Done    'Smooth'
27-Dec-2023 15:18:29 - Done


                            < M A T L A B (R) >
                  Copyright 1984-2022 The MathWorks, Inc.
                  R2022b (9.13.0.2049777) 64-bit (glnxa64)
                              August 24, 2022

 
To get started, type doc.
For product information, visit www.mathworks.com.
 
T2_fixed_reg2tpm
T2_invivo_reg2tpm
T2_perfused_reg2tpm

                            < M A T L A B (R) >
                  Copyright 1984-2022 The MathWorks, Inc.
                  R2022b (9.13.0.2049777) 64-bit (glnxa64)
                              August 24, 2022

 
To get started, type doc.
For product information, visit www.mathworks.com.
 
/n02dat01/users/wtjiang/Workspace/MBV-Pipe/data/sub-008

                            < M A T L A B (R) >
                  Copyright 1984-2022 The MathWorks, Inc.
                  R2022b (9.13.0.2049777) 64-bit (glnxa64)
                              August 24, 2022

 
To get started, type doc.
For product information, visit www.mathworks.com.
 
Initialising batch system... done.


------------------------------------------------------------------------
27-Dec-2023 15:23:47 - Running job #1
------------------------------------------------------------------------
27-Dec-2023 15:23:47 - Running 'Smooth'
27-Dec-2023 15:23:50 - Done    'Smooth'
27-Dec-2023 15:23:50 - Done


                            < M A T L A B (R) >
                  Copyright 1984-2022 The MathWorks, Inc.
                  R2022b (9.13.0.2049777) 64-bit (glnxa64)
                              August 24, 2022

 
To get started, type doc.
For product information, visit www.mathworks.com.
 
T2_fixed_reg2tpm
T2_invivo_reg2tpm
T2_perfused_reg2tpm

                            < M A T L A B (R) >
                  Copyright 1984-2022 The MathWorks, Inc.
                  R2022b (9.13.0.2049777) 64-bit (glnxa64)
                              August 24, 2022

 
To get started, type doc.
For product information, visit www.mathworks.com.
 
Job ended at 2023-12-27 15:28:51
Job duration: 0 hours, 37 minutes, and 26 seconds
